9780982578643
9781138947337
9781118732298
9780781812382
9780415516938
9780415509084
9780071601382
9787804156966
9780071747370
9780470694770
9780521085106
9780071749213
9780804841825
9780826492951
9780824831318
9789789865628
9783319606590
9788027599455
9780596157609
9780262525008
9780262525008
9780596007737
9781138795464
9780596157135
9780415560917
9780299247645
9781405194679
9789786079202
9780578034645
9780814783054
9781462910397
9780620703291
9788019922629
9780982578667
9789781946011
9789781937965
